<?xml version="1.0" encoding="UTF-8"?>
<!-- Generated by org.testng.reporters.JUnitReportReporter -->
<testsuite hostname="DESKTOP-52R8JAB" failures="0" tests="1" name="ExcelSheet.HandlingExcelFile" time="1.405" errors="0" timestamp="31 Dec 2020 12:40:23 GMT">
  <testcase classname="ExcelSheet.HandlingExcelFile" name="excel" time="1.405"/>
</testsuite> <!-- ExcelSheet.HandlingExcelFile -->
