<?xml version="1.0" encoding="UTF-8"?>
<!-- Generated by org.testng.reporters.JUnitReportReporter -->
<testsuite hostname="DESKTOP-52R8JAB" failures="0" tests="1" name="TestIrctc.TestNG" time="84.867" errors="0" timestamp="2 Jan 2021 13:11:17 GMT">
  <testcase classname="TestIrctc.TestNG" name="create" time="84.867"/>
</testsuite> <!-- TestIrctc.TestNG -->
