<?xml version="1.0" encoding="UTF-8"?>
<!-- Generated by org.testng.reporters.JUnitReportReporter -->
<testsuite hostname="DESKTOP-52R8JAB" failures="0" tests="1" name="TestNG.TestFacebook" time="14.142" errors="0" timestamp="1 Jan 2021 07:59:36 GMT">
  <testcase classname="TestNG.TestFacebook" name="signup" time="14.142"/>
</testsuite> <!-- TestNG.TestFacebook -->
