<?xml version="1.0" encoding="UTF-8"?>
<!-- Generated by org.testng.reporters.JUnitReportReporter -->
<testsuite hostname="DESKTOP-52R8JAB" failures="0" tests="1" name="TestNGyahoo.TestYahoo" time="24.960" errors="0" timestamp="2 Jan 2021 06:40:08 GMT">
  <testcase classname="TestNGyahoo.TestYahoo" name="yahoo" time="24.960"/>
</testsuite> <!-- TestNGyahoo.TestYahoo -->
